$GGGLL,5425.32,N,107.11,W,82319*65
$GPGLL,5425.32,N,107.1,X,82429*50
$GPGLL,5425.31,E,107.09,S,82446*62
$GPGLL,6425.31,N,107.08,W,82503*63
$GPGLL,5425.31,E,107.06,W,82536*6b
$GPGLL,5425.31,N,107.05,W,82553*6b
$GPGLL,5425.31,N,107.03,W,82610*67
$GPGLL,5425.31,N,107.01,W,82644*6a
$GPGLL,5425.32,N,107,W,82700*47
$GPGLL,5425.32,N,106.98,W,82718*60
$GPGLL,5425.32,N,106.9,W,82935*61
$GPGLL,5425.33,N,106.94,W,82752*63
$GPGLL,5425.32,N,106.92,W,82808*64
$GPGLL,5425.33,N,106.91,W,82826*6a
$GPGLL,5425.32,N,106.9,W,82901*5e
$GPGLL,5425.32,NS,106.89,W,82917*61
$GPGLL,5425.32,N,106.88,W,82933*66
$GPGLL,5425.32,N,106.86,W,82950*6d
$GPGLX,5425.32,N,106.84,W,83007*65
$GPGLL,5425.32,N,106.3,West,8302*57
